<?xml version="1.0" encoding="UTF-8"?>
<!-- Generated by org.testng.reporters.JUnitReportReporter -->
<testsuite hostname="Adarsh" failures="0" tests="1" name="com.crm.vtiger.organizationModuleTest.TC_03_CreateOrganisationWithType_Test" time="31.356" errors="0" timestamp="2021-05-05T15:50:56 IST" skipped="0">
  <testcase classname="com.crm.vtiger.organizationModuleTest.TC_03_CreateOrganisationWithType_Test" name="createOrgWithType" time="31.356"/>
  <system-out/>
</testsuite> <!-- com.crm.vtiger.organizationModuleTest.TC_03_CreateOrganisationWithType_Test -->
