<?xml version="1.0" encoding="UTF-8"?>
<!-- Generated by org.testng.reporters.JUnitReportReporter -->
<testsuite hostname="Adarsh" failures="0" tests="1" name="com.crm.vtiger.organizationModuleTest.TC_02_CreateOrgWithIndustry_Test" time="39.340" errors="0" timestamp="2021-05-05T15:37:07 IST" skipped="0">
  <testcase classname="com.crm.vtiger.organizationModuleTest.TC_02_CreateOrgWithIndustry_Test" name="createorg" time="39.340"/>
  <system-out/>
</testsuite> <!-- com.crm.vtiger.organizationModuleTest.TC_02_CreateOrgWithIndustry_Test -->
