<?xml version="1.0" encoding="UTF-8"?>
<!-- Generated by org.testng.reporters.JUnitReportReporter -->
<testsuite hostname="Adarsh" failures="0" tests="1" name="com.crm.vtiger.organizationModuleTest.TC_01_CreateOrganisation_Test" time="38.242" errors="0" timestamp="2021-05-05T15:28:01 IST" skipped="0">
  <testcase classname="com.crm.vtiger.organizationModuleTest.TC_01_CreateOrganisation_Test" name="createOrganisation" time="38.242"/>
  <system-out/>
</testsuite> <!-- com.crm.vtiger.organizationModuleTest.TC_01_CreateOrganisation_Test -->
