<?xml version="1.0" encoding="UTF-8"?>
<!-- Generated by org.testng.reporters.JUnitReportReporter -->
<testsuite hostname="Adarsh" failures="0" tests="1" name="com.crm.vtiger.organizationModuleTest.TC_05_CreateOrganizationWithAssignedToGroup" time="51.478" errors="0" timestamp="2021-05-06T00:38:20 IST" skipped="0">
  <testcase classname="com.crm.vtiger.organizationModuleTest.TC_05_CreateOrganizationWithAssignedToGroup" name="createOrgWithgroup" time="51.478"/>
  <system-out/>
</testsuite> <!-- com.crm.vtiger.organizationModuleTest.TC_05_CreateOrganizationWithAssignedToGroup -->
